Traceback (most recent call last):
  File "/Users/admin/Downloads/tg_bot/process.py", line 1, in <module>
    import sys, os, json, shutil, subprocess, requests
ModuleNotFoundError: No module named 'requests'
Traceback (most recent call last):
  File "/Users/admin/Downloads/tg_bot/process.py", line 1, in <module>
    import sys, os, json, shutil, subprocess, requests
ModuleNotFoundError: No module named 'requests'
Traceback (most recent call last):
  File "/Users/admin/Downloads/tg_bot/process.py", line 1, in <module>
    import sys, os, json, shutil, subprocess, requests
ModuleNotFoundError: No module named 'requests'
Traceback (most recent call last):
  File "/Users/admin/Downloads/tg_bot/process.py", line 1, in <module>
    import sys, os, json, shutil, subprocess, requests
ModuleNotFoundError: No module named 'requests'
Traceback (most recent call last):
  File "/Users/admin/Downloads/tg_bot/process.py", line 1, in <module>
    import sys, os, json, shutil, subprocess, requests
ModuleNotFoundError: No module named 'requests'
Traceback (most recent call last):
  File "/Users/admin/Downloads/tg_bot/process.py", line 1, in <module>
    import sys, os, json, shutil, subprocess, requests
ModuleNotFoundError: No module named 'requests'
Traceback (most recent call last):
  File "/Users/admin/Downloads/tg_bot/process.py", line 1, in <module>
    import sys, os, json, shutil, subprocess, requests
ModuleNotFoundError: No module named 'requests'
Traceback (most recent call last):
  File "/Users/admin/Downloads/tg_bot/process.py", line 1, in <module>
    import sys, os, json, shutil, subprocess, requests
ModuleNotFoundError: No module named 'requests'
Traceback (most recent call last):
  File "/Users/admin/Downloads/tg_bot/process.py", line 1, in <module>
    import sys, os, json, shutil, subprocess, requests
ModuleNotFoundError: No module named 'requests'
Traceback (most recent call last):
  File "/Users/admin/Downloads/tg_bot/process.py", line 170, in <module>
    main()
    ~~~~^^
  File "/Users/admin/Downloads/tg_bot/process.py", line 158, in main
    process_video(v)
    ~~~~~~~~~~~~~^^^
  File "/Users/admin/Downloads/tg_bot/process.py", line 122, in process_video
    convert_video(video_path, converted)
    ~~~~~~~~~~~~~^^^^^^^^^^^^^^^^^^^^^^^
  File "/Users/admin/Downloads/tg_bot/process.py", line 83, in convert_video
    subprocess.run([
    ~~~~~~~~~~~~~~^^
        "ffmpeg", "-i", src,
        ^^^^^^^^^^^^^^^^^^^^
        "-c:v", "libx264", "-profile:v", "baseline", "-level", "3.0",
        ^^^^^^^^^^^^^^^^^^^^^^^^^^^^^^^^^^^^^^^^^^^^^^^^^^^^^^^^^^^^^
        "-pix_fmt", "yuv420p", "-c:a", "aac", dst, "-y"
        ^^^^^^^^^^^^^^^^^^^^^^^^^^^^^^^^^^^^^^^^^^^^^^^
    ], capture_output=True)
    ^^^^^^^^^^^^^^^^^^^^^^^
  File "/Library/Frameworks/Python.framework/Versions/3.13/lib/python3.13/subprocess.py", line 554, in run
    with Popen(*popenargs, **kwargs) as process:
         ~~~~~^^^^^^^^^^^^^^^^^^^^^^
  File "/Library/Frameworks/Python.framework/Versions/3.13/lib/python3.13/subprocess.py", line 1039, in __init__
    self._execute_child(args, executable, preexec_fn, close_fds,
    ~~~~~~~~~~~~~~~~~~~^^^^^^^^^^^^^^^^^^^^^^^^^^^^^^^^^^^^^^^^^
                        pass_fds, cwd, env,
                        ^^^^^^^^^^^^^^^^^^^
    ...<5 lines>...
                        gid, gids, uid, umask,
                        ^^^^^^^^^^^^^^^^^^^^^^
                        start_new_session, process_group)
                        ^^^^^^^^^^^^^^^^^^^^^^^^^^^^^^^^^
  File "/Library/Frameworks/Python.framework/Versions/3.13/lib/python3.13/subprocess.py", line 1972, in _execute_child
    raise child_exception_type(errno_num, err_msg, err_filename)
FileNotFoundError: [Errno 2] No such file or directory: 'ffmpeg'
Traceback (most recent call last):
  File "/Users/admin/Downloads/tg_bot/process.py", line 174, in <module>
    main()
    ~~~~^^
  File "/Users/admin/Downloads/tg_bot/process.py", line 162, in main
    process_video(v)
    ~~~~~~~~~~~~~^^^
  File "/Users/admin/Downloads/tg_bot/process.py", line 122, in process_video
    convert_video(video_path, converted)
    ~~~~~~~~~~~~~^^^^^^^^^^^^^^^^^^^^^^^
  File "/Users/admin/Downloads/tg_bot/process.py", line 83, in convert_video
    subprocess.run([
    ~~~~~~~~~~~~~~^^
        "ffmpeg", "-i", src,
        ^^^^^^^^^^^^^^^^^^^^
        "-c:v", "libx264", "-profile:v", "baseline", "-level", "3.0",
        ^^^^^^^^^^^^^^^^^^^^^^^^^^^^^^^^^^^^^^^^^^^^^^^^^^^^^^^^^^^^^
        "-pix_fmt", "yuv420p", "-c:a", "aac", dst, "-y"
        ^^^^^^^^^^^^^^^^^^^^^^^^^^^^^^^^^^^^^^^^^^^^^^^
    ], capture_output=True)
    ^^^^^^^^^^^^^^^^^^^^^^^
  File "/Library/Frameworks/Python.framework/Versions/3.13/lib/python3.13/subprocess.py", line 554, in run
    with Popen(*popenargs, **kwargs) as process:
         ~~~~~^^^^^^^^^^^^^^^^^^^^^^
  File "/Library/Frameworks/Python.framework/Versions/3.13/lib/python3.13/subprocess.py", line 1039, in __init__
    self._execute_child(args, executable, preexec_fn, close_fds,
    ~~~~~~~~~~~~~~~~~~~^^^^^^^^^^^^^^^^^^^^^^^^^^^^^^^^^^^^^^^^^
                        pass_fds, cwd, env,
                        ^^^^^^^^^^^^^^^^^^^
    ...<5 lines>...
                        gid, gids, uid, umask,
                        ^^^^^^^^^^^^^^^^^^^^^^
                        start_new_session, process_group)
                        ^^^^^^^^^^^^^^^^^^^^^^^^^^^^^^^^^
  File "/Library/Frameworks/Python.framework/Versions/3.13/lib/python3.13/subprocess.py", line 1972, in _execute_child
    raise child_exception_type(errno_num, err_msg, err_filename)
FileNotFoundError: [Errno 2] No such file or directory: 'ffmpeg'
Traceback (most recent call last):
  File "/Users/admin/Downloads/tg_bot/process.py", line 174, in <module>
    main()
    ~~~~^^
  File "/Users/admin/Downloads/tg_bot/process.py", line 162, in main
    process_video(v)
    ~~~~~~~~~~~~~^^^
  File "/Users/admin/Downloads/tg_bot/process.py", line 122, in process_video
    convert_video(video_path, converted)
    ~~~~~~~~~~~~~^^^^^^^^^^^^^^^^^^^^^^^
  File "/Users/admin/Downloads/tg_bot/process.py", line 83, in convert_video
    subprocess.run([
    ~~~~~~~~~~~~~~^^
        "ffmpeg", "-i", src,
        ^^^^^^^^^^^^^^^^^^^^
        "-c:v", "libx264", "-profile:v", "baseline", "-level", "3.0",
        ^^^^^^^^^^^^^^^^^^^^^^^^^^^^^^^^^^^^^^^^^^^^^^^^^^^^^^^^^^^^^
        "-pix_fmt", "yuv420p", "-c:a", "aac", dst, "-y"
        ^^^^^^^^^^^^^^^^^^^^^^^^^^^^^^^^^^^^^^^^^^^^^^^
    ], capture_output=True)
    ^^^^^^^^^^^^^^^^^^^^^^^
  File "/Library/Frameworks/Python.framework/Versions/3.13/lib/python3.13/subprocess.py", line 554, in run
    with Popen(*popenargs, **kwargs) as process:
         ~~~~~^^^^^^^^^^^^^^^^^^^^^^
  File "/Library/Frameworks/Python.framework/Versions/3.13/lib/python3.13/subprocess.py", line 1039, in __init__
    self._execute_child(args, executable, preexec_fn, close_fds,
    ~~~~~~~~~~~~~~~~~~~^^^^^^^^^^^^^^^^^^^^^^^^^^^^^^^^^^^^^^^^^
                        pass_fds, cwd, env,
                        ^^^^^^^^^^^^^^^^^^^
    ...<5 lines>...
                        gid, gids, uid, umask,
                        ^^^^^^^^^^^^^^^^^^^^^^
                        start_new_session, process_group)
                        ^^^^^^^^^^^^^^^^^^^^^^^^^^^^^^^^^
  File "/Library/Frameworks/Python.framework/Versions/3.13/lib/python3.13/subprocess.py", line 1972, in _execute_child
    raise child_exception_type(errno_num, err_msg, err_filename)
FileNotFoundError: [Errno 2] No such file or directory: 'ffmpeg'
Traceback (most recent call last):
  File "/Users/admin/Downloads/tg_bot/process.py", line 239, in <module>
    main()
    ~~~~^^
  File "/Users/admin/Downloads/tg_bot/process.py", line 226, in main
    process_video(v)
    ~~~~~~~~~~~~~^^^
  File "/Users/admin/Downloads/tg_bot/process.py", line 185, in process_video
    convert_video(video_path, converted)
    ~~~~~~~~~~~~~^^^^^^^^^^^^^^^^^^^^^^^
  File "/Users/admin/Downloads/tg_bot/process.py", line 141, in convert_video
    subprocess.run([
    ~~~~~~~~~~~~~~^^
        "ffmpeg", "-i", src,
        ^^^^^^^^^^^^^^^^^^^^
    ...<4 lines>...
        dst, "-y"
        ^^^^^^^^^
    ], capture_output=True)
    ^^^^^^^^^^^^^^^^^^^^^^^
  File "/Library/Frameworks/Python.framework/Versions/3.13/lib/python3.13/subprocess.py", line 554, in run
    with Popen(*popenargs, **kwargs) as process:
         ~~~~~^^^^^^^^^^^^^^^^^^^^^^
  File "/Library/Frameworks/Python.framework/Versions/3.13/lib/python3.13/subprocess.py", line 1039, in __init__
    self._execute_child(args, executable, preexec_fn, close_fds,
    ~~~~~~~~~~~~~~~~~~~^^^^^^^^^^^^^^^^^^^^^^^^^^^^^^^^^^^^^^^^^
                        pass_fds, cwd, env,
                        ^^^^^^^^^^^^^^^^^^^
    ...<5 lines>...
                        gid, gids, uid, umask,
                        ^^^^^^^^^^^^^^^^^^^^^^
                        start_new_session, process_group)
                        ^^^^^^^^^^^^^^^^^^^^^^^^^^^^^^^^^
  File "/Library/Frameworks/Python.framework/Versions/3.13/lib/python3.13/subprocess.py", line 1972, in _execute_child
    raise child_exception_type(errno_num, err_msg, err_filename)
FileNotFoundError: [Errno 2] No such file or directory: 'ffmpeg'
