👀 Слідкую за папкою raw/
Кидай відео в Google Drive → VideoBot → raw/
Вже є 2 відео, ігнорую їх
...........................................................................................................................Нові відео: {'2026-06-10 22.25.05.mp4'}
....Нові відео: {'2026-06-10 22.26.00.mp4'}
........................................................Нові відео: {'IMG_9774.MP4'}
......👀 Слідкую за папкою raw/
Кидай відео в Google Drive → VideoBot → raw/
Вже є 5 відео, ігнорую їх
..Нові відео: {'IMG_9774 (1).MP4'}
...............................................................................................................................................................................................................................................................................................................................................................................................................................................................................................................................................................................................................................................................................................................Нові відео: {'2026-06-11 02.05.30.mp4'}
....................................................................................................................................Слідкую за raw/
Ігнорую 0 існуючих відео
...Нові відео: {'2026-06-11 02.05.30.mp4'}, чекаю 30 сек...
Обробляю: {'2026-06-11 02.05.30.mp4'}
................................Нові відео: {'test123.mp4'}, чекаю 30 сек...
Обробляю: {'test123.mp4'}
.................................................................Нові відео: {'2026-06-11 02.05.30_v5.mp4'}, чекаю 30 сек...
Обробляю: {'2026-06-11 02.05.30_v5.mp4'}
...........................................................................Слідкую за raw/
Ігнорую 1 існуючих відео
..................................Нові відео: {'2026-06-10 22.25.05_v2.mp4'}, чекаю 30 сек...
Обробляю: {'2026-06-10 22.25.05_v2.mp4'}
.........................................Слідкую за raw/
Ігнорую 0 існуючих відео
.Слідкую за raw/
Ігнорую 0 існуючих відео
................Знайдено 1 відео

========================================
test123
========================================
Конвертую...
Нові відео: {'test123.mp4'}, чекаю 30 сек...
Обробляю: {'test123.mp4'}
......................................................................................................................................................................................................................Знайдено 1 відео

========================================
мотивация 13
========================================
Конвертую...
Нові відео: {'мотивация 13.MP4'}, чекаю 30 сек...
Обробляю: {'мотивация 13.MP4'}
.....................................................................................................................................................................................................................................Знайдено 2 відео

========================================
test123
========================================
Конвертую...
Нові відео: {'test123.mp4'}, чекаю 30 сек...
Обробляю: {'test123.mp4'}
.................................................................................................................................................................................................................................................................................................Знайдено 1 відео

========================================
мотивация 17
========================================
Конвертую...
Нові відео: {'мотивация 17.MP4'}, чекаю 30 сек...
Обробляю: {'мотивация 17.MP4'}
...........................................................................................................................................................................................................................................................................................................................................................................................................................................................................................................................................................................................................